SF:lib/app/data/model/session_model.dart
DA:4,6
DA:5,3
DA:6,3
DA:7,3
DA:8,3
LF:5
LH:5
end_of_record
SF:lib/app/domain/entities/session.dart
DA:5,5
DA:10,0
DA:14,0
DA:15,0
DA:16,0
DA:20,0
DA:21,0
DA:23,4
DA:27,2
DA:28,6
DA:29,6
DA:32,0
DA:33,0
LF:13
LH:5
end_of_record
SF:lib/app/data/model/notification_model.dart
DA:4,0
DA:11,0
DA:12,0
DA:13,0
DA:14,0
DA:15,0
DA:16,0
LF:7
LH:0
end_of_record
SF:lib/app/domain/entities/notification.g.dart
DA:13,0
DA:15,0
DA:16,0
DA:17,0
DA:19,0
DA:20,0
DA:21,0
DA:22,0
DA:23,0
DA:27,0
DA:30,0
DA:31,0
DA:32,0
DA:33,0
DA:34,0
DA:35,0
DA:36,0
DA:37,0
DA:38,0
DA:41,0
DA:42,0
DA:44,0
DA:47,0
DA:48,0
DA:49,0
DA:56,0
DA:58,0
DA:59,0
DA:60,0
DA:62,0
DA:63,0
DA:64,0
DA:65,0
DA:66,0
DA:67,0
DA:68,0
DA:72,0
DA:75,0
DA:76,0
DA:77,0
DA:78,0
DA:79,0
DA:80,0
DA:81,0
DA:82,0
DA:83,0
DA:84,0
DA:85,0
DA:86,0
DA:87,0
DA:90,0
DA:91,0
DA:93,0
DA:96,0
DA:97,0
DA:98,0
DA:105,0
DA:107,0
DA:108,0
DA:109,0
DA:111,0
DA:112,0
DA:113,0
DA:114,0
DA:115,0
DA:116,0
DA:117,0
DA:118,0
DA:119,0
DA:120,0
DA:121,0
DA:122,0
DA:126,0
DA:129,0
DA:130,0
DA:131,0
DA:132,0
DA:133,0
DA:134,0
DA:135,0
DA:136,0
DA:137,0
DA:138,0
DA:139,0
DA:140,0
DA:141,0
DA:142,0
DA:143,0
DA:144,0
DA:145,0
DA:146,0
DA:147,0
DA:148,0
DA:149,0
DA:150,0
DA:151,0
DA:154,0
DA:155,0
DA:157,0
DA:160,0
DA:161,0
DA:162,0
LF:102
LH:0
end_of_record
SF:lib/app/domain/entities/notification.dart
DA:7,0
DA:20,0
DA:26,0
DA:27,0
DA:28,0
DA:29,0
DA:30,0
DA:31,0
DA:51,0
DA:54,0
DA:55,0
DA:56,0
DA:57,0
DA:58,0
DA:59,0
DA:60,0
DA:61,0
DA:65,0
DA:66,0
DA:67,0
DA:68,0
DA:69,0
DA:70,0
DA:71,0
DA:72,0
DA:76,0
DA:104,0
DA:107,0
DA:108,0
DA:109,0
DA:110,0
DA:111,0
DA:112,0
DA:113,0
DA:114,0
DA:115,0
DA:116,0
DA:117,0
DA:118,0
DA:119,0
DA:123,0
DA:124,0
DA:125,0
DA:126,0
DA:127,0
DA:128,0
DA:129,0
DA:130,0
DA:131,0
DA:132,0
DA:133,0
DA:134,0
DA:135,0
DA:139,0
LF:54
LH:0
end_of_record
SF:lib/app/data/repositories/notification_repository_impl.dart
DA:13,1
DA:15,1
DA:18,2
DA:19,1
DA:20,0
DA:21,0
DA:26,1
DA:28,2
DA:29,1
DA:30,0
DA:31,0
DA:36,1
DA:38,3
DA:40,3
DA:41,3
DA:42,1
DA:43,1
DA:44,1
DA:45,2
DA:48,4
DA:53,1
DA:55,2
DA:56,1
DA:57,0
DA:58,0
LF:25
LH:19
end_of_record
SF:lib/app/data/sources/notification_sources.dart
DA:9,0
DA:11,0
DA:12,0
DA:15,0
DA:16,0
DA:21,0
DA:23,0
DA:24,0
DA:25,0
DA:26,0
DA:27,0
DA:30,0
DA:31,0
DA:36,0
DA:38,0
DA:39,0
DA:41,0
DA:42,0
DA:43,0
DA:48,0
DA:50,0
DA:51,0
LF:22
LH:0
end_of_record
SF:lib/core/architecture/failure.dart
DA:4,4
DA:8,0
DA:9,0
DA:11,1
DA:15,4
DA:18,0
DA:19,0
DA:23,2
DA:27,6
DA:31,4
DA:35,2
LF:11
LH:7
end_of_record
SF:lib/core/utils/network_info.dart
DA:5,0
DA:6,0
DA:7,0
LF:3
LH:0
end_of_record
SF:lib/core/utils/device_info.dart
DA:7,0
DA:9,0
DA:10,0
DA:11,0
DA:12,0
DA:13,0
LF:6
LH:0
end_of_record
SF:lib/core/utils/share_preferences.dart
DA:5,0
DA:6,0
DA:9,0
DA:10,0
DA:13,0
DA:14,0
DA:17,0
DA:18,0
DA:21,0
DA:22,0
DA:25,0
DA:26,0
DA:29,0
DA:30,0
DA:31,0
LF:15
LH:0
end_of_record
SF:lib/app/data/model/administrative_class_model.dart
DA:7,1
DA:8,1
DA:14,1
DA:15,1
DA:16,1
DA:17,1
DA:18,1
DA:19,1
LF:8
LH:8
end_of_record
SF:lib/app/data/model/administrative_class_model.g.dart
DA:14,0
DA:16,0
DA:17,0
DA:18,0
DA:20,0
DA:21,0
DA:22,0
DA:23,0
DA:24,0
DA:28,0
DA:31,0
DA:32,0
DA:33,0
DA:34,0
DA:35,0
DA:36,0
DA:37,0
DA:38,0
DA:39,0
DA:42,0
DA:43,0
DA:45,0
DA:48,0
DA:49,0
DA:50,0
LF:25
LH:0
end_of_record
SF:lib/app/domain/entities/administrative_class.dart
DA:13,1
LF:1
LH:1
end_of_record
SF:lib/app/data/model/student_model.g.dart
DA:13,0
DA:15,0
DA:16,0
DA:17,0
DA:19,0
DA:20,0
DA:21,0
DA:22,0
DA:23,0
DA:24,0
DA:25,0
DA:26,0
DA:27,0
DA:28,0
DA:29,0
DA:30,0
DA:31,0
DA:32,0
DA:33,0
DA:34,0
DA:38,0
DA:41,0
DA:42,0
DA:43,0
DA:44,0
DA:45,0
DA:46,0
DA:47,0
DA:48,0
DA:49,0
DA:50,0
DA:51,0
DA:52,0
DA:53,0
DA:54,0
DA:55,0
DA:56,0
DA:57,0
DA:58,0
DA:59,0
DA:60,0
DA:61,0
DA:62,0
DA:63,0
DA:64,0
DA:65,0
DA:66,0
DA:67,0
DA:68,0
DA:69,0
DA:70,0
DA:71,0
DA:74,0
DA:75,0
DA:77,0
DA:80,0
DA:81,0
DA:82,0
LF:58
LH:0
end_of_record
SF:lib/app/data/model/student_model.dart
DA:13,1
DA:29,1
DA:45,1
DA:46,1
DA:47,1
DA:49,2
DA:50,1
DA:51,1
DA:52,1
DA:53,1
DA:54,1
DA:55,1
DA:56,1
DA:57,1
DA:58,1
DA:59,1
DA:60,1
DA:61,1
DA:62,1
DA:65,0
DA:66,0
DA:67,0
DA:68,0
DA:69,0
DA:70,0
LF:25
LH:19
end_of_record
SF:lib/app/domain/entities/student.dart
DA:36,1
LF:1
LH:1
end_of_record
SF:lib/app/data/repositories/student_repository_impl.dart
DA:15,1
DA:18,1
DA:19,3
DA:21,3
DA:22,2
DA:23,2
DA:24,0
DA:25,2
DA:26,1
DA:27,1
DA:28,2
DA:29,0
DA:30,3
DA:33,3
DA:34,3
DA:39,1
DA:40,3
DA:42,3
DA:43,2
DA:44,2
DA:45,2
DA:46,2
DA:47,1
DA:48,1
DA:49,3
DA:52,0
DA:57,0
DA:59,0
DA:60,0
DA:61,0
DA:62,0
DA:63,0
DA:64,0
DA:65,0
LF:34
LH:23
end_of_record
SF:lib/app/data/sources/student_sources.dart
DA:12,3
DA:13,1
DA:14,4
DA:16,0
DA:17,0
DA:21,0
DA:24,0
DA:25,0
DA:26,0
DA:27,0
DA:28,0
DA:29,0
DA:30,0
DA:31,0
DA:33,0
DA:34,0
DA:39,1
DA:40,4
DA:41,1
DA:45,1
DA:46,4
DA:47,1
DA:48,1
LF:23
LH:10
end_of_record
SF:lib/app/data/repositories/authentication_repository_impl.dart
DA:16,1
DA:19,1
DA:21,3
DA:23,3
DA:24,2
DA:25,1
DA:26,1
DA:27,1
DA:28,4
DA:31,2
DA:36,0
DA:37,0
DA:39,0
DA:41,0
DA:42,0
DA:43,0
DA:44,0
DA:45,0
DA:46,0
DA:48,0
DA:52,0
DA:54,0
DA:55,0
DA:56,0
DA:57,0
DA:58,0
LF:26
LH:10
end_of_record
SF:lib/app/data/sources/authentication_sources.dart
DA:9,1
DA:10,4
DA:11,1
DA:12,2
DA:17,1
DA:18,4
DA:19,2
DA:20,2
DA:23,0
DA:25,0
DA:26,0
DA:27,0
DA:28,0
DA:31,0
DA:32,0
DA:33,0
DA:34,0
DA:35,0
DA:36,0
LF:19
LH:8
end_of_record
SF:lib/core/utils/local_auth_api.dart
DA:5,0
DA:7,0
DA:9,0
DA:11,0
DA:12,0
DA:15,0
DA:20,0
DA:22,0
DA:27,0
LF:9
LH:0
end_of_record
SF:lib/app/domain/repositories/schedule_repository.dart
DA:6,0
LF:1
LH:0
end_of_record
SF:lib/app/domain/entities/administrative_class_detail.dart
DA:16,0
LF:1
LH:0
end_of_record
SF:lib/app/domain/entities/lecturer.dart
DA:31,0
DA:46,0
DA:47,0
DA:48,0
DA:49,0
DA:50,0
DA:51,0
DA:52,0
DA:53,0
DA:54,0
DA:55,0
DA:56,0
DA:57,0
DA:58,0
DA:59,0
DA:60,0
LF:16
LH:0
end_of_record
SF:lib/app/domain/entities/register.dart
DA:16,0
LF:1
LH:0
end_of_record
SF:lib/app/domain/entities/registerable_class.dart
DA:18,0
LF:1
LH:0
end_of_record
SF:lib/app/domain/entities/subject.dart
DA:17,0
DA:25,0
DA:26,0
DA:27,0
DA:28,0
DA:29,0
DA:30,0
DA:31,0
DA:32,0
LF:9
LH:0
end_of_record
SF:lib/app/domain/entities/schedule.dart
DA:22,0
LF:1
LH:0
end_of_record
SF:lib/app/domain/use_cases/login_usecase.dart
DA:9,1
DA:11,1
DA:12,2
LF:3
LH:3
end_of_record
SF:lib/app/domain/use_cases/create_notification_device_usecase.dart
DA:6,0
DA:8,0
DA:9,0
LF:3
LH:0
end_of_record
SF:lib/app/domain/use_cases/delete_notification_device_usercase.dart
DA:6,0
DA:8,0
DA:9,0
LF:3
LH:0
end_of_record
SF:lib/app/domain/use_cases/get_administrative_class_details.dart
DA:9,0
DA:11,0
DA:12,0
LF:3
LH:0
end_of_record
SF:lib/app/domain/use_cases/get_list_notifications_use_case.dart
DA:8,0
DA:12,0
DA:14,0
LF:3
LH:0
end_of_record
SF:lib/app/domain/use_cases/get_list_register_usecase.dart
DA:8,0
DA:9,0
DA:10,0
LF:3
LH:0
end_of_record
SF:lib/app/domain/use_cases/get_list_schedule_use_case.dart
DA:9,0
DA:11,0
DA:12,0
LF:3
LH:0
end_of_record
SF:lib/app/domain/use_cases/get_profile_usecase.dart
DA:8,0
DA:10,0
LF:2
LH:0
end_of_record
SF:lib/app/domain/use_cases/get_registerable_class_details_use_case.dart
DA:8,0
DA:10,0
DA:11,0
LF:3
LH:0
end_of_record
SF:lib/app/domain/use_cases/login_with_fingerprint_use_case.dart
DA:8,0
DA:10,0
DA:11,0
LF:3
LH:0
end_of_record
SF:lib/app/domain/use_cases/mark_notification_as_read_use_case.dart
DA:6,0
DA:8,0
LF:2
LH:0
end_of_record
SF:lib/app/domain/use_cases/set_up_fingerprint_auth_use_case.dart
DA:7,0
DA:9,0
DA:10,0
LF:3
LH:0
end_of_record
SF:lib/app/presentation/login/bloc/login_bloc.dart
DA:17,1
DA:18,2
DA:19,2
DA:20,2
DA:23,1
DA:25,2
DA:26,5
DA:27,2
DA:30,1
DA:32,2
DA:33,3
DA:34,2
DA:37,1
DA:38,1
DA:39,2
DA:40,3
DA:41,3
DA:42,2
DA:44,1
DA:45,1
DA:46,0
DA:47,1
DA:48,2
DA:49,1
DA:50,3
LF:25
LH:24
end_of_record
SF:lib/app/presentation/login/bloc/login_event.dart
DA:7,1
LF:1
LH:1
end_of_record
SF:lib/app/presentation/login/bloc/login_state.dart
DA:2,1
DA:6,1
DA:10,1
DA:16,1
DA:20,1
LF:5
LH:5
end_of_record
